2024-06-29 19:06:527 INFO  HomePage :27 - click on BankManagerLogin[[ChromeDriver: chrome on windows (a4d8d6b73796afe1d24e57c95eafb01c)] -> xpath: //button[normalize-space()='Bank Manager Login']]
2024-06-29 19:06:370 INFO  BankManagerLoginPage :29 - click on addCustomerPage[[ChromeDriver: chrome on windows (a4d8d6b73796afe1d24e57c95eafb01c)] -> xpath: //button[normalize-space()='Add Customer']]
2024-06-29 19:06:982 INFO  CustomersPage :27 - enter firstName[[ChromeDriver: chrome on windows (a4d8d6b73796afe1d24e57c95eafb01c)] -> xpath: //input[@placeholder='First Name']]
2024-06-29 19:06:126 INFO  CustomersPage :31 - enterLastName[[ChromeDriver: chrome on windows (a4d8d6b73796afe1d24e57c95eafb01c)] -> xpath: //input[@placeholder='Last Name']]
2024-06-29 19:06:294 INFO  CustomersPage :35 - enterPostCode[[ChromeDriver: chrome on windows (a4d8d6b73796afe1d24e57c95eafb01c)] -> xpath: //input[@placeholder='Post Code']]
2024-06-29 19:06:411 INFO  CustomersPage :39 - click AddCustomerButton[[ChromeDriver: chrome on windows (a4d8d6b73796afe1d24e57c95eafb01c)] -> xpath: //button[@type='submit']]
2024-06-29 19:06:427 INFO  CustomersPage :43 - Getting on MessageCustomer added successfully with customer id :6
2024-06-29 19:06:979 INFO  HomePage :27 - click on BankManagerLogin[[ChromeDriver: chrome on windows (c3a156ed586c2979ea98051944b8a76d)] -> xpath: //button[normalize-space()='Bank Manager Login']]
2024-06-29 19:06:562 INFO  BankManagerLoginPage :29 - click on addCustomerPage[[ChromeDriver: chrome on windows (c3a156ed586c2979ea98051944b8a76d)] -> xpath: //button[normalize-space()='Add Customer']]
2024-06-29 19:06:371 INFO  CustomersPage :27 - enter firstName[[ChromeDriver: chrome on windows (c3a156ed586c2979ea98051944b8a76d)] -> xpath: //input[@placeholder='First Name']]
2024-06-29 19:06:513 INFO  CustomersPage :31 - enterLastName[[ChromeDriver: chrome on windows (c3a156ed586c2979ea98051944b8a76d)] -> xpath: //input[@placeholder='Last Name']]
2024-06-29 19:06:660 INFO  CustomersPage :35 - enterPostCode[[ChromeDriver: chrome on windows (c3a156ed586c2979ea98051944b8a76d)] -> xpath: //input[@placeholder='Post Code']]
2024-06-29 19:06:765 INFO  CustomersPage :39 - click AddCustomerButton[[ChromeDriver: chrome on windows (c3a156ed586c2979ea98051944b8a76d)] -> xpath: //button[@type='submit']]
2024-06-29 19:06:782 INFO  CustomersPage :43 - Getting on MessageCustomer added successfully with customer id :6
2024-06-29 19:06:232 INFO  HomePage :27 - click on BankManagerLogin[[ChromeDriver: chrome on windows (b8795fba55e10abf8e38a5c6b4e5f739)] -> xpath: //button[normalize-space()='Bank Manager Login']]
2024-06-29 19:06:172 INFO  BankManagerLoginPage :29 - click on addCustomerPage[[ChromeDriver: chrome on windows (b8795fba55e10abf8e38a5c6b4e5f739)] -> xpath: //button[normalize-space()='Add Customer']]
2024-06-29 19:06:798 INFO  CustomersPage :26 - enter firstName[[ChromeDriver: chrome on windows (b8795fba55e10abf8e38a5c6b4e5f739)] -> xpath: //input[@placeholder='First Name']]
2024-06-29 19:06:952 INFO  CustomersPage :30 - enterLastName[[ChromeDriver: chrome on windows (b8795fba55e10abf8e38a5c6b4e5f739)] -> xpath: //input[@placeholder='Last Name']]
2024-06-29 19:06:455 INFO  CustomersPage :34 - enterPostCode[[ChromeDriver: chrome on windows (b8795fba55e10abf8e38a5c6b4e5f739)] -> xpath: //input[@placeholder='Post Code']]
2024-06-29 19:06:600 INFO  CustomersPage :38 - click AddCustomerButton[[ChromeDriver: chrome on windows (b8795fba55e10abf8e38a5c6b4e5f739)] -> xpath: //button[@type='submit']]
2024-06-29 19:06:495 INFO  HomePage :27 - click on BankManagerLogin[[ChromeDriver: chrome on windows (8e11aa5ff7f24b8dd75bc12eceff307a)] -> xpath: //button[normalize-space()='Bank Manager Login']]
2024-06-29 19:06:79 INFO  BankManagerLoginPage :29 - click on addCustomerPage[[ChromeDriver: chrome on windows (8e11aa5ff7f24b8dd75bc12eceff307a)] -> xpath: //button[normalize-space()='Add Customer']]
2024-06-29 19:06:849 INFO  CustomersPage :26 - enter firstName[[ChromeDriver: chrome on windows (8e11aa5ff7f24b8dd75bc12eceff307a)] -> xpath: //input[@placeholder='First Name']]
2024-06-29 19:06:988 INFO  CustomersPage :30 - enterLastName[[ChromeDriver: chrome on windows (8e11aa5ff7f24b8dd75bc12eceff307a)] -> xpath: //input[@placeholder='Last Name']]
2024-06-29 19:06:131 INFO  CustomersPage :34 - enterPostCode[[ChromeDriver: chrome on windows (8e11aa5ff7f24b8dd75bc12eceff307a)] -> xpath: //input[@placeholder='Post Code']]
2024-06-29 19:06:236 INFO  CustomersPage :38 - click AddCustomerButton[[ChromeDriver: chrome on windows (8e11aa5ff7f24b8dd75bc12eceff307a)] -> xpath: //button[@type='submit']]
2024-06-29 21:06:735 INFO  HomePage :27 - click on BankManagerLogin[[ChromeDriver: chrome on windows (0a77d30acde0bd43eabe7f6a402e952e)] -> xpath: //button[normalize-space()='Bank Manager Login']]
2024-06-29 21:06:938 INFO  HomePage :27 - click on BankManagerLogin[[ChromeDriver: chrome on windows (40425488850df15f351f3f59b66c576a)] -> xpath: //button[normalize-space()='Bank Manager Login']]
2024-06-29 22:06:570 INFO  HomePage :27 - click on BankManagerLogin[[ChromeDriver: chrome on windows (a8676d42d2e0585b3ceef82679c22107)] -> xpath: //button[normalize-space()='Bank Manager Login']]
2024-06-30 09:06:347 INFO  HomePage :27 - click on BankManagerLogin[[ChromeDriver: chrome on windows (08f6a562223a05e4ee975dd9e68d91b7)] -> xpath: //button[normalize-space()='Bank Manager Login']]
2024-06-30 09:06:248 INFO  HomePage :27 - click on BankManagerLogin[[ChromeDriver: chrome on windows (f17633b9bcce8f3b9cd6e7665c14cade)] -> xpath: //button[normalize-space()='Bank Manager Login']]
2024-06-30 09:06:902 INFO  BankManagerLoginPage :26 - click on addCustomerPage[[ChromeDriver: chrome on windows (f17633b9bcce8f3b9cd6e7665c14cade)] -> xpath: //button[normalize-space()='Add Customer']]
2024-06-30 09:06:494 INFO  AddCustomerPage :26 - enter firstName[[ChromeDriver: chrome on windows (f17633b9bcce8f3b9cd6e7665c14cade)] -> xpath: //input[@placeholder='First Name']]
2024-06-30 09:06:588 INFO  AddCustomerPage :30 - enterLastName[[ChromeDriver: chrome on windows (f17633b9bcce8f3b9cd6e7665c14cade)] -> xpath: //input[@placeholder='Last Name']]
2024-06-30 09:06:680 INFO  AddCustomerPage :34 - enterPostCode[[ChromeDriver: chrome on windows (f17633b9bcce8f3b9cd6e7665c14cade)] -> xpath: //input[@placeholder='Post Code']]
2024-06-30 09:06:752 INFO  AddCustomerPage :38 - click AddCustomerButton[[ChromeDriver: chrome on windows (f17633b9bcce8f3b9cd6e7665c14cade)] -> xpath: //button[@type='submit']]
2024-06-30 09:06:676 INFO  HomePage :27 - click on BankManagerLogin[[ChromeDriver: chrome on windows (c5b19bedd46d456f517f57ab132eb3c4)] -> xpath: //button[normalize-space()='Bank Manager Login']]
2024-06-30 09:06:218 INFO  BankManagerLoginPage :30 - click on openAccountPage[[ChromeDriver: chrome on windows (c5b19bedd46d456f517f57ab132eb3c4)] -> xpath: //button[normalize-space()='Open Account']]
2024-06-30 09:06:421 INFO  HomePage :23 - click on CustomerLogin[[ChromeDriver: chrome on windows (9bddc02254836041d2c735277ab896d2)] -> xpath: //button[normalize-space()='Customer Login']]
2024-06-30 09:06:445 INFO  CustomerLoginPage :32 - Display Logout Button[[ChromeDriver: chrome on windows (9bddc02254836041d2c735277ab896d2)] -> xpath: //button[normalize-space()='Logout']]
2024-06-30 09:06:505 INFO  HomePage :23 - click on CustomerLogin[[ChromeDriver: chrome on windows (f288e1d085c9013b33e15000657c329f)] -> xpath: //button[normalize-space()='Customer Login']]
2024-06-30 09:06:157 INFO  HomePage :23 - click on CustomerLogin[[ChromeDriver: chrome on windows (ca38371c74ae423057609202a790b9d4)] -> xpath: //button[normalize-space()='Customer Login']]
2024-06-30 09:06:418 INFO  HomePage :27 - click on BankManagerLogin[[ChromeDriver: chrome on windows (25dc0f36cdf700f92b1404d3f96172c5)] -> xpath: //button[normalize-space()='Bank Manager Login']]
2024-06-30 09:06:947 INFO  BankManagerLoginPage :26 - click on addCustomerPage[[ChromeDriver: chrome on windows (25dc0f36cdf700f92b1404d3f96172c5)] -> xpath: //button[normalize-space()='Add Customer']]
2024-06-30 09:06:533 INFO  AddCustomerPage :26 - enter firstName[[ChromeDriver: chrome on windows (25dc0f36cdf700f92b1404d3f96172c5)] -> xpath: //input[@placeholder='First Name']]
2024-06-30 09:06:616 INFO  AddCustomerPage :30 - enterLastName[[ChromeDriver: chrome on windows (25dc0f36cdf700f92b1404d3f96172c5)] -> xpath: //input[@placeholder='Last Name']]
2024-06-30 09:06:890 INFO  AddCustomerPage :34 - enterPostCode[[ChromeDriver: chrome on windows (25dc0f36cdf700f92b1404d3f96172c5)] -> xpath: //input[@placeholder='Post Code']]
2024-06-30 09:06:994 INFO  AddCustomerPage :38 - click AddCustomerButton[[ChromeDriver: chrome on windows (25dc0f36cdf700f92b1404d3f96172c5)] -> xpath: //button[@type='submit']]
2024-06-30 09:06:960 INFO  HomePage :27 - click on BankManagerLogin[[ChromeDriver: chrome on windows (90ae1cb49d0bca83b6622f7146f320ec)] -> xpath: //button[normalize-space()='Bank Manager Login']]
2024-06-30 09:06:560 INFO  BankManagerLoginPage :30 - click on openAccountPage[[ChromeDriver: chrome on windows (90ae1cb49d0bca83b6622f7146f320ec)] -> xpath: //button[normalize-space()='Open Account']]
2024-06-30 09:06:211 INFO  OpenAccountPagexyz :24 - click on customerNameFields[[ChromeDriver: chrome on windows (90ae1cb49d0bca83b6622f7146f320ec)] -> xpath: //select[@id='userSelect']]
2024-06-30 09:06:331 INFO  OpenAccountPagexyz :28 - select currency pound[[ChromeDriver: chrome on windows (90ae1cb49d0bca83b6622f7146f320ec)] -> xpath: //select[@id='currency']]
2024-06-30 09:06:385 INFO  OpenAccountPagexyz :32 - click on process button[[ChromeDriver: chrome on windows (90ae1cb49d0bca83b6622f7146f320ec)] -> xpath: //button[normalize-space()='Process']]
2024-06-30 09:06:665 INFO  HomePage :23 - click on CustomerLogin[[ChromeDriver: chrome on windows (c2dc709137bd17ad3d72498c0bc6702c)] -> xpath: //button[normalize-space()='Customer Login']]
2024-07-02 22:07:93 INFO  CustomerLoginPage :33 - click on customer[[ChromeDriver: chrome on windows (807f63d45c18e862e44979fdee394843)] -> xpath: //button[contains(text(),'Customer Login')]]
2024-07-02 22:07:787 INFO  CustomerLoginPage :37 - search customer[[ChromeDriver: chrome on windows (807f63d45c18e862e44979fdee394843)] -> xpath: //select[@id='userSelect']]
2024-07-02 22:07:876 INFO  CustomerLoginPage :41 - click on login [[ChromeDriver: chrome on windows (807f63d45c18e862e44979fdee394843)] -> xpath: //button[contains(text(),'Login')]]
2024-07-02 22:07:907 INFO  CustomerLoginPage :44 - verify logout [[ChromeDriver: chrome on windows (807f63d45c18e862e44979fdee394843)] -> xpath: //button[contains(text(),'Logout')]]
2024-07-02 22:07:466 INFO  CustomerLoginPage :49 - click on logout [[ChromeDriver: chrome on windows (807f63d45c18e862e44979fdee394843)] -> xpath: //button[contains(text(),'Logout')]]
2024-07-02 22:07:543 INFO  CustomerLoginPage :53 - verify name [[ChromeDriver: chrome on windows (807f63d45c18e862e44979fdee394843)] -> xpath: //label[contains(text(),'Your Name :')]]
2024-07-02 22:07:277 INFO  CustomerLoginPage :33 - click on customer[[ChromeDriver: chrome on windows (e5e2362ff60af730263371bdab9c3e3b)] -> xpath: //button[contains(text(),'Customer Login')]]
2024-07-02 22:07:945 INFO  CustomerLoginPage :37 - search customer[[ChromeDriver: chrome on windows (e5e2362ff60af730263371bdab9c3e3b)] -> xpath: //select[@id='userSelect']]
2024-07-02 22:07:34 INFO  CustomerLoginPage :41 - click on login [[ChromeDriver: chrome on windows (e5e2362ff60af730263371bdab9c3e3b)] -> xpath: //button[contains(text(),'Login')]]
2024-07-02 22:07:607 INFO  AccountPage :34 - click on deoposit[[ChromeDriver: chrome on windows (e5e2362ff60af730263371bdab9c3e3b)] -> xpath: //div[@ng-hide='noAccount']//button[2]]
2024-07-02 22:07:275 INFO  AccountPage :40 - click on deoposit[[ChromeDriver: chrome on windows (e5e2362ff60af730263371bdab9c3e3b)] -> xpath: //div[@ng-hide='noAccount']//button[2]]
2024-07-02 22:07:368 INFO  AccountPage :46 - click on deoposit[[ChromeDriver: chrome on windows (e5e2362ff60af730263371bdab9c3e3b)] -> xpath: //div[@ng-hide='noAccount']//button[2]]
2024-07-02 22:07:386 INFO  AccountPage :84 - verify transaction [[ChromeDriver: chrome on windows (e5e2362ff60af730263371bdab9c3e3b)] -> xpath: //span[contains(text(),'Deposit Successful')]]
